Using pre-set license
Built from '2021.3/staging' branch; Version is '2021.3.16f1 (4016570cf34f) revision 4200023'; Using compiler version '192829333'; Build Type 'Release'
OS: 'Windows 10  (10.0.19045) 64bit Core' Language: 'en' Physical Memory: 16272 MB
BatchMode: 1, IsHumanControllingUs: 0, StartBugReporterOnCrash: 0, Is64bit: 1, IsPro: 1

COMMAND LINE ARGUMENTS:
C:\Program Files\Unity\Hub\Editor\2021.3.16f1\Editor\Unity.exe
-adb2
-batchMode
-noUpm
-name
AssetImportWorker0
-projectPath
C:/Users/erice/OneDrive/Documents/GitHub/FpsGame/My project
-logFile
Logs/AssetImportWorker0.log
-srvPort
49307
Successfully changed project path to: C:/Users/erice/OneDrive/Documents/GitHub/FpsGame/My project
C:/Users/erice/OneDrive/Documents/GitHub/FpsGame/My project
[UnityMemory] Configuration Parameters - Can be set up in boot.config
    "memorysetup-bucket-allocator-granularity=16"
    "memorysetup-bucket-allocator-bucket-count=8"
    "memorysetup-bucket-allocator-block-size=33554432"
    "memorysetup-bucket-allocator-block-count=8"
    "memorysetup-main-allocator-block-size=16777216"
    "memorysetup-thread-allocator-block-size=16777216"
    "memorysetup-gfx-main-allocator-block-size=16777216"
    "memorysetup-gfx-thread-allocator-block-size=16777216"
    "memorysetup-cache-allocator-block-size=4194304"
    "memorysetup-typetree-allocator-block-size=2097152"
    "memorysetup-profiler-bucket-allocator-granularity=16"
    "memorysetup-profiler-bucket-allocator-bucket-count=8"
    "memorysetup-profiler-bucket-allocator-block-size=33554432"
    "memorysetup-profiler-bucket-allocator-block-count=8"
    "memorysetup-profiler-allocator-block-size=16777216"
    "memorysetup-profiler-editor-allocator-block-size=1048576"
    "memorysetup-temp-allocator-size-main=16777216"
    "memorysetup-job-temp-allocator-block-size=2097152"
    "memorysetup-job-temp-allocator-block-size-background=1048576"
    "memorysetup-job-temp-allocator-reduction-small-platforms=262144"
    "memorysetup-temp-allocator-size-background-worker=32768"
    "memorysetup-temp-allocator-size-job-worker=262144"
    "memorysetup-temp-allocator-size-preload-manager=33554432"
    "memorysetup-temp-allocator-size-nav-mesh-worker=65536"
    "memorysetup-temp-allocator-size-audio-worker=65536"
    "memorysetup-temp-allocator-size-cloud-worker=32768"
    "memorysetup-temp-allocator-size-gi-baking-worker=262144"
    "memorysetup-temp-allocator-size-gfx=262144"
Player connection [29808] Host "[IP] 192.168.1.184 [Port] 0 [Flags] 2 [Guid] 3827942791 [EditorId] 3827942791 [Version] 1048832 [Id] WindowsEditor(7,DESKTOP-K61T99D) [Debug] 1 [PackageName] WindowsEditor [ProjectName] Editor" joined multi-casting on [225.0.0.222:54997]...

Player connection [29808] Host "[IP] 192.168.1.184 [Port] 0 [Flags] 2 [Guid] 3827942791 [EditorId] 3827942791 [Version] 1048832 [Id] WindowsEditor(7,DESKTOP-K61T99D) [Debug] 1 [PackageName] WindowsEditor [ProjectName] Editor" joined alternative multi-casting on [225.0.0.222:34997]...

Refreshing native plugins compatible for Editor in 77.36 ms, found 3 plugins.
Preloading 0 native plugins for Editor in 0.00 ms.
Initialize engine version: 2021.3.16f1 (4016570cf34f)
[Subsystems] Discovering subsystems at path C:/Program Files/Unity/Hub/Editor/2021.3.16f1/Editor/Data/Resources/UnitySubsystems
[Subsystems] Discovering subsystems at path C:/Users/erice/OneDrive/Documents/GitHub/FpsGame/My project/Assets
GfxDevice: creating device client; threaded=0; jobified=0
Direct3D:
    Version:  Direct3D 11.0 [level 11.1]
    Renderer: NVIDIA GeForce RTX 3080 (ID=0x2206)
    Vendor:   NVIDIA
    VRAM:     10067 MB
    Driver:   31.0.15.2849
Initialize mono
Mono path[0] = 'C:/Program Files/Unity/Hub/Editor/2021.3.16f1/Editor/Data/Managed'
Mono path[1] = 'C:/Program Files/Unity/Hub/Editor/2021.3.16f1/Editor/Data/MonoBleedingEdge/lib/mono/unityjit-win32'
Mono config path = 'C:/Program Files/Unity/Hub/Editor/2021.3.16f1/Editor/Data/MonoBleedingEdge/etc'
Using monoOptions --debugger-agent=transport=dt_socket,embedding=1,server=y,suspend=n,address=127.0.0.1:56372
Begin MonoManager ReloadAssembly
Registering precompiled unity dll's ...
Register platform support module: C:/Program Files/Unity/Hub/Editor/2021.3.16f1/Editor/Data/PlaybackEngines/WindowsStandaloneSupport/UnityEditor.WindowsStandalone.Extensions.dll
Registered in 0.006933 seconds.
Native extension for WindowsStandalone target not found
Refreshing native plugins compatible for Editor in 74.16 ms, found 3 plugins.
Preloading 0 native plugins for Editor in 0.00 ms.
Mono: successfully reloaded assembly
- Completed reload, in  0.554 seconds
Domain Reload Profiling:
	ReloadAssembly (555ms)
		BeginReloadAssembly (65ms)
			ExecutionOrderSort (0ms)
			DisableScriptedObjects (0ms)
			BackupInstance (0ms)
			ReleaseScriptingObjects (0ms)
			CreateAndSetChildDomain (1ms)
		EndReloadAssembly (392ms)
			LoadAssemblies (62ms)
			RebuildTransferFunctionScriptingTraits (0ms)
			SetupTypeCache (88ms)
			ReleaseScriptCaches (0ms)
			RebuildScriptCaches (23ms)
			SetupLoadedEditorAssemblies (239ms)
				LogAssemblyErrors (0ms)
				InitializePlatformSupportModulesInManaged (7ms)
				SetLoadedEditorAssemblies (0ms)
				RefreshPlugins (74ms)
				BeforeProcessingInitializeOnLoad (1ms)
				ProcessInitializeOnLoadAttributes (117ms)
				ProcessInitializeOnLoadMethodAttributes (40ms)
				AfterProcessingInitializeOnLoad (0ms)
				EditorAssembliesLoaded (0ms)
			ExecutionOrderSort2 (0ms)
			AwakeInstancesAfterBackupRestoration (0ms)
Platform modules already initialized, skipping
Registering precompiled user dll's ...
Registered in 0.006536 seconds.
Begin MonoManager ReloadAssembly
Symbol file LoadedFromMemory doesn't match image C:\Users\erice\OneDrive\Documents\GitHub\FpsGame\My project\Library\PackageCache\com.unity.visualscripting@1.7.8\Editor\VisualScripting.Core\Dependencies\YamlDotNet\Unity.VisualScripting.YamlDotNet.dll
Symbol file LoadedFromMemory doesn't match image C:\Users\erice\OneDrive\Documents\GitHub\FpsGame\My project\Library\PackageCache\com.unity.visualscripting@1.7.8\Editor\VisualScripting.Core\Dependencies\DotNetZip\Unity.VisualScripting.IonicZip.dll
Native extension for WindowsStandalone target not found
Refreshing native plugins compatible for Editor in 0.64 ms, found 3 plugins.
Preloading 0 native plugins for Editor in 0.00 ms.
Mono: successfully reloaded assembly
- Completed reload, in  0.926 seconds
Domain Reload Profiling:
	ReloadAssembly (927ms)
		BeginReloadAssembly (94ms)
			ExecutionOrderSort (0ms)
			DisableScriptedObjects (5ms)
			BackupInstance (0ms)
			ReleaseScriptingObjects (0ms)
			CreateAndSetChildDomain (16ms)
		EndReloadAssembly (726ms)
			LoadAssemblies (74ms)
			RebuildTransferFunctionScriptingTraits (0ms)
			SetupTypeCache (243ms)
			ReleaseScriptCaches (1ms)
			RebuildScriptCaches (50ms)
			SetupLoadedEditorAssemblies (323ms)
				LogAssemblyErrors (0ms)
				InitializePlatformSupportModulesInManaged (5ms)
				SetLoadedEditorAssemblies (0ms)
				RefreshPlugins (1ms)
				BeforeProcessingInitializeOnLoad (80ms)
				ProcessInitializeOnLoadAttributes (206ms)
				ProcessInitializeOnLoadMethodAttributes (22ms)
				AfterProcessingInitializeOnLoad (10ms)
				EditorAssembliesLoaded (0ms)
			ExecutionOrderSort2 (0ms)
			AwakeInstancesAfterBackupRestoration (7ms)
Platform modules already initialized, skipping
========================================================================
Worker process is ready to serve import requests
Launched and connected shader compiler UnityShaderCompiler.exe after 0.03 seconds
Refreshing native plugins compatible for Editor in 0.72 ms, found 3 plugins.
Preloading 0 native plugins for Editor in 0.00 ms.
Unloading 3965 Unused Serialized files (Serialized files now loaded: 0)
Unloading 31 unused Assets / (206.4 KB). Loaded Objects now: 4422.
Memory consumption went from 138.1 MB to 137.9 MB.
Total: 4.449500 ms (FindLiveObjects: 0.385500 ms CreateObjectMapping: 0.351700 ms MarkObjects: 3.522900 ms  DeleteObjects: 0.188300 ms)

AssetImportParameters requested are different than current active one (requested -> active):
  custom:video-decoder-ogg-theora: a1e56fd34408186e4bbccfd4996cb3dc -> 
  custom:container-muxer-webm: aa71ff27fc2769a1b78a27578f13a17b -> 
  custom:container-demuxer-webm: 4f35f7cbe854078d1ac9338744f61a02 -> 
  custom:video-encoder-webm-vp8: eb34c28f22e8b96e1ab97ce403110664 -> 
  custom:audio-encoder-webm-vorbis: bf7c407c2cedff20999df2af8eb42d56 -> 
  custom:framework-win-MediaFoundation: 216162199b28c13a410421893ffa2e32 -> 
  custom:container-demuxer-ogg: 62fdf1f143b41e24485cea50d1cbac27 -> 
  custom:video-decoder-webm-vp8: 9c59270c3fd7afecdb556c50c9e8de78 -> 
  custom:audio-decoder-ogg-vorbis: bf7c407c2cedff20999df2af8eb42d56 -> 
========================================================================
Received Import Request.
  Time since last request: 48245.454109 seconds.
  path: Assets/FPSLand/Scripts
  artifactKey: Guid(22a92dda8b126ff4796f9e84ae1c8871) Importer(815301076,1909f56bfc062723c751e8b465ee728b)
Start importing Assets/FPSLand/Scripts using Guid(22a92dda8b126ff4796f9e84ae1c8871) Importer(815301076,1909f56bfc062723c751e8b465ee728b)  -> (artifact id: '8eb3cf3e26c64cd8216327c5b8ce3328') in 0.013601 seconds 
========================================================================
Received Import Request.
  Time since last request: 0.000022 seconds.
  path: Assets/FPSLand/Scripts/Network
  artifactKey: Guid(72d477bcea02de0419fbf36ec3f900b7) Importer(815301076,1909f56bfc062723c751e8b465ee728b)
Start importing Assets/FPSLand/Scripts/Network using Guid(72d477bcea02de0419fbf36ec3f900b7) Importer(815301076,1909f56bfc062723c751e8b465ee728b)  -> (artifact id: 'd1cd677f224aecc5e84b5b7a321cb924') in 0.009355 seconds 
========================================================================
Received Import Request.
  Time since last request: 2.447752 seconds.
  path: Assets/FPSLand/Scripts/Weapons
  artifactKey: Guid(46c098f3961b47d4faf6106da873ed8d) Importer(815301076,1909f56bfc062723c751e8b465ee728b)
Start importing Assets/FPSLand/Scripts/Weapons using Guid(46c098f3961b47d4faf6106da873ed8d) Importer(815301076,1909f56bfc062723c751e8b465ee728b)  -> (artifact id: '290b7a5b9df0e5d6b679f31ec91a218c') in 0.006613 seconds 
========================================================================
Received Import Request.
  Time since last request: 1.284634 seconds.
  path: Assets/FPSLand/Scripts/Weapons/ScriptableObjects
  artifactKey: Guid(f841e5b8c0ea8cf458d8543ebaf69051) Importer(815301076,1909f56bfc062723c751e8b465ee728b)
Start importing Assets/FPSLand/Scripts/Weapons/ScriptableObjects using Guid(f841e5b8c0ea8cf458d8543ebaf69051) Importer(815301076,1909f56bfc062723c751e8b465ee728b)  -> (artifact id: '8a51bf2174607a10a458eeb495abe4cc') in 0.006333 seconds 
========================================================================
Received Import Request.
  Time since last request: 0.052419 seconds.
  path: Assets/FPSLand/Scripts/Weapons/ScriptableObjects/Glock Camera Recoil.asset
  artifactKey: Guid(e36c8b2ba0b6d5845a477e15a8263970) Importer(815301076,1909f56bfc062723c751e8b465ee728b)
Start importing Assets/FPSLand/Scripts/Weapons/ScriptableObjects/Glock Camera Recoil.asset using Guid(e36c8b2ba0b6d5845a477e15a8263970) Importer(815301076,1909f56bfc062723c751e8b465ee728b)  -> (artifact id: 'ed9576126f9566b8d6d6a46c3dc3c5e2') in 0.043161 seconds 
========================================================================
Received Import Request.
  Time since last request: 0.000016 seconds.
  path: Assets/FPSLand/Scripts/Weapons/ScriptableObjects/M4A1 Camera Recoil.asset
  artifactKey: Guid(33574956627845a4b8824cc447de0594) Importer(815301076,1909f56bfc062723c751e8b465ee728b)
Start importing Assets/FPSLand/Scripts/Weapons/ScriptableObjects/M4A1 Camera Recoil.asset using Guid(33574956627845a4b8824cc447de0594) Importer(815301076,1909f56bfc062723c751e8b465ee728b)  -> (artifact id: '39db5fdb152d28bb4c95b762e73be2d5') in 0.007464 seconds 
========================================================================
Received Prepare
Registering precompiled user dll's ...
Registered in 0.007358 seconds.
Begin MonoManager ReloadAssembly
Symbol file LoadedFromMemory doesn't match image C:\Users\erice\OneDrive\Documents\GitHub\FpsGame\My project\Library\PackageCache\com.unity.visualscripting@1.7.8\Editor\VisualScripting.Core\Dependencies\YamlDotNet\Unity.VisualScripting.YamlDotNet.dll
Symbol file LoadedFromMemory doesn't match image C:\Users\erice\OneDrive\Documents\GitHub\FpsGame\My project\Library\PackageCache\com.unity.visualscripting@1.7.8\Editor\VisualScripting.Core\Dependencies\DotNetZip\Unity.VisualScripting.IonicZip.dll
Native extension for WindowsStandalone target not found
Refreshing native plugins compatible for Editor in 0.69 ms, found 3 plugins.
Preloading 0 native plugins for Editor in 0.00 ms.
Mono: successfully reloaded assembly
- Completed reload, in  0.914 seconds
Domain Reload Profiling:
	ReloadAssembly (915ms)
		BeginReloadAssembly (128ms)
			ExecutionOrderSort (0ms)
			DisableScriptedObjects (5ms)
			BackupInstance (0ms)
			ReleaseScriptingObjects (0ms)
			CreateAndSetChildDomain (39ms)
		EndReloadAssembly (691ms)
			LoadAssemblies (79ms)
			RebuildTransferFunctionScriptingTraits (0ms)
			SetupTypeCache (242ms)
			ReleaseScriptCaches (1ms)
			RebuildScriptCaches (36ms)
			SetupLoadedEditorAssemblies (294ms)
				LogAssemblyErrors (0ms)
				InitializePlatformSupportModulesInManaged (11ms)
				SetLoadedEditorAssemblies (0ms)
				RefreshPlugins (1ms)
				BeforeProcessingInitializeOnLoad (67ms)
				ProcessInitializeOnLoadAttributes (184ms)
				ProcessInitializeOnLoadMethodAttributes (22ms)
				AfterProcessingInitializeOnLoad (10ms)
				EditorAssembliesLoaded (0ms)
			ExecutionOrderSort2 (0ms)
			AwakeInstancesAfterBackupRestoration (9ms)
Platform modules already initialized, skipping
Refreshing native plugins compatible for Editor in 1.90 ms, found 3 plugins.
Preloading 0 native plugins for Editor in 0.00 ms.
Unloading 3949 Unused Serialized files (Serialized files now loaded: 0)
Unloading 24 unused Assets / (173.2 KB). Loaded Objects now: 4426.
Memory consumption went from 136.9 MB to 136.8 MB.
Total: 2.446000 ms (FindLiveObjects: 0.257200 ms CreateObjectMapping: 0.197600 ms MarkObjects: 1.884700 ms  DeleteObjects: 0.106000 ms)

AssetImportParameters requested are different than current active one (requested -> active):
  custom:video-decoder-ogg-theora: a1e56fd34408186e4bbccfd4996cb3dc -> 
  custom:container-muxer-webm: aa71ff27fc2769a1b78a27578f13a17b -> 
  custom:container-demuxer-webm: 4f35f7cbe854078d1ac9338744f61a02 -> 
  custom:video-encoder-webm-vp8: eb34c28f22e8b96e1ab97ce403110664 -> 
  custom:audio-encoder-webm-vorbis: bf7c407c2cedff20999df2af8eb42d56 -> 
  custom:framework-win-MediaFoundation: 216162199b28c13a410421893ffa2e32 -> 
  custom:container-demuxer-ogg: 62fdf1f143b41e24485cea50d1cbac27 -> 
  custom:video-decoder-webm-vp8: 9c59270c3fd7afecdb556c50c9e8de78 -> 
  custom:audio-decoder-ogg-vorbis: bf7c407c2cedff20999df2af8eb42d56 -> 
========================================================================
Received Import Request.
  Time since last request: 97.015523 seconds.
  path: Assets/FPSLand/Scripts/Managers
  artifactKey: Guid(9811631224d148c4c86e4ea55aa510a8) Importer(815301076,1909f56bfc062723c751e8b465ee728b)
Start importing Assets/FPSLand/Scripts/Managers using Guid(9811631224d148c4c86e4ea55aa510a8) Importer(815301076,1909f56bfc062723c751e8b465ee728b)  -> (artifact id: '14bc23ec367502e597a6e52e75e96627') in 0.012714 seconds 
========================================================================
Received Import Request.
  Time since last request: 1.265864 seconds.
  path: Assets/FPSLand/Scripts/Managers/GlobalManager.cs
  artifactKey: Guid(3beab3f7501a6d349bae4a77e7f998e7) Importer(815301076,1909f56bfc062723c751e8b465ee728b)
Start importing Assets/FPSLand/Scripts/Managers/GlobalManager.cs using Guid(3beab3f7501a6d349bae4a77e7f998e7) Importer(815301076,1909f56bfc062723c751e8b465ee728b)  -> (artifact id: '6109a7b90a8435dd4500015b347494b2') in 0.023333 seconds 
========================================================================
Received Import Request.
  Time since last request: 11.558395 seconds.
  path: Assets/FPSLand/Scripts/Managers/LayerManager.cs
  artifactKey: Guid(16837ac907c49c0428a4e7f6a11f05b6) Importer(815301076,1909f56bfc062723c751e8b465ee728b)
Start importing Assets/FPSLand/Scripts/Managers/LayerManager.cs using Guid(16837ac907c49c0428a4e7f6a11f05b6) Importer(815301076,1909f56bfc062723c751e8b465ee728b)  -> (artifact id: '222bd8c042561dcee132966fe674cab8') in 0.006476 seconds 
========================================================================
Received Import Request.
  Time since last request: 4.082471 seconds.
  path: Assets/FPSLand/Scripts/Managers/Gameplay
  artifactKey: Guid(4ca4c01f4dc99474fb0967070a62a8b8) Importer(815301076,1909f56bfc062723c751e8b465ee728b)
Start importing Assets/FPSLand/Scripts/Managers/Gameplay using Guid(4ca4c01f4dc99474fb0967070a62a8b8) Importer(815301076,1909f56bfc062723c751e8b465ee728b)  -> (artifact id: 'fe4497eb9f2ea6a8f3722d002fbcafa3') in 0.006607 seconds 
========================================================================
Received Import Request.
  Time since last request: 1.602230 seconds.
  path: Assets/FPSLand/Scripts/Managers/Gameplay/GameplayCanvases
  artifactKey: Guid(0432c9fbaddcd1b40bc4c210a6470bd0) Importer(815301076,1909f56bfc062723c751e8b465ee728b)
Start importing Assets/FPSLand/Scripts/Managers/Gameplay/GameplayCanvases using Guid(0432c9fbaddcd1b40bc4c210a6470bd0) Importer(815301076,1909f56bfc062723c751e8b465ee728b)  -> (artifact id: '08c6ea3831bacac8cc075425dbb125c5') in 0.006641 seconds 
========================================================================
Received Import Request.
  Time since last request: 0.807452 seconds.
  path: Assets/FPSLand/Scripts/Managers/Gameplay/GameplayCanvases/ActiveWeaponCanvas.cs
  artifactKey: Guid(33ec69f886f6661449d2207614f458d1) Importer(815301076,1909f56bfc062723c751e8b465ee728b)
Start importing Assets/FPSLand/Scripts/Managers/Gameplay/GameplayCanvases/ActiveWeaponCanvas.cs using Guid(33ec69f886f6661449d2207614f458d1) Importer(815301076,1909f56bfc062723c751e8b465ee728b)  -> (artifact id: 'b66ac526ac4e14b4e67f3055a7befc26') in 0.006644 seconds 
========================================================================
Received Import Request.
  Time since last request: 2.081342 seconds.
  path: Assets/FPSLand/Scripts/Managers/Gameplay/GameplayCanvases/FrameRateCanvas.cs
  artifactKey: Guid(f47849db23dfba14dafe589bc09048a3) Importer(815301076,1909f56bfc062723c751e8b465ee728b)
Start importing Assets/FPSLand/Scripts/Managers/Gameplay/GameplayCanvases/FrameRateCanvas.cs using Guid(f47849db23dfba14dafe589bc09048a3) Importer(815301076,1909f56bfc062723c751e8b465ee728b)  -> (artifact id: '3266ef67c1ad797bbd3ab9b8efb92ae5') in 0.006375 seconds 
========================================================================
Received Import Request.
  Time since last request: 0.683771 seconds.
  path: Assets/FPSLand/Scripts/Managers/Gameplay/GameplayCanvases/GameplayCanvases.cs
  artifactKey: Guid(aa671138fa5870a49b7b33c0d6db3c47) Importer(815301076,1909f56bfc062723c751e8b465ee728b)
Start importing Assets/FPSLand/Scripts/Managers/Gameplay/GameplayCanvases/GameplayCanvases.cs using Guid(aa671138fa5870a49b7b33c0d6db3c47) Importer(815301076,1909f56bfc062723c751e8b465ee728b)  -> (artifact id: '1ee629163ad014b75bfb23c99e587103') in 0.001800 seconds 
========================================================================
Received Import Request.
  Time since last request: 1.688524 seconds.
  path: Assets/FPSLand/Scripts/Managers/Gameplay/GameplayCanvases/PingCanvas.cs
  artifactKey: Guid(0f6e4e609b990a84e9f2d93677835130) Importer(815301076,1909f56bfc062723c751e8b465ee728b)
Start importing Assets/FPSLand/Scripts/Managers/Gameplay/GameplayCanvases/PingCanvas.cs using Guid(0f6e4e609b990a84e9f2d93677835130) Importer(815301076,1909f56bfc062723c751e8b465ee728b)  -> (artifact id: '6987c1a815c6573352111678a01432dc') in 0.006511 seconds 
========================================================================
Received Import Request.
  Time since last request: 0.705417 seconds.
  path: Assets/FPSLand/Scripts/Managers/Gameplay/GameplayCanvases/RespawnCanvas.cs
  artifactKey: Guid(eefc448d1bc272346907a40a79dcbbbf) Importer(815301076,1909f56bfc062723c751e8b465ee728b)
Start importing Assets/FPSLand/Scripts/Managers/Gameplay/GameplayCanvases/RespawnCanvas.cs using Guid(eefc448d1bc272346907a40a79dcbbbf) Importer(815301076,1909f56bfc062723c751e8b465ee728b)  -> (artifact id: '92841caf53379605eb663307a7434fa7') in 0.006676 seconds 
========================================================================
Received Import Request.
  Time since last request: 6.769165 seconds.
  path: Assets/FPSLand/Scripts/Managers/Gameplay/GameplayCanvases/InventoryCanvas
  artifactKey: Guid(ac0310b4f84a46e40a993c9cf114e99b) Importer(815301076,1909f56bfc062723c751e8b465ee728b)
Start importing Assets/FPSLand/Scripts/Managers/Gameplay/GameplayCanvases/InventoryCanvas using Guid(ac0310b4f84a46e40a993c9cf114e99b) Importer(815301076,1909f56bfc062723c751e8b465ee728b)  -> (artifact id: 'ead89a138072b898a60d2375b532fe83') in 0.006773 seconds 
========================================================================
Received Import Request.
  Time since last request: 0.443675 seconds.
  path: Assets/FPSLand/Scripts/Managers/Gameplay/GameplayCanvases/InventoryCanvas/InventoryCanvas.cs
  artifactKey: Guid(45c80436d494e8e459b1d9ec4a861a3c) Importer(815301076,1909f56bfc062723c751e8b465ee728b)
Start importing Assets/FPSLand/Scripts/Managers/Gameplay/GameplayCanvases/InventoryCanvas/InventoryCanvas.cs using Guid(45c80436d494e8e459b1d9ec4a861a3c) Importer(815301076,1909f56bfc062723c751e8b465ee728b)  -> (artifact id: '81557fe421d64c1632ff432bd868f21d') in 0.001638 seconds 
========================================================================
Received Import Request.
  Time since last request: 59.660222 seconds.
  path: Assets/FPSLand/Scripts/Characters
  artifactKey: Guid(5d43260fcdb41ae489cc791ee35a5f6c) Importer(815301076,1909f56bfc062723c751e8b465ee728b)
Start importing Assets/FPSLand/Scripts/Characters using Guid(5d43260fcdb41ae489cc791ee35a5f6c) Importer(815301076,1909f56bfc062723c751e8b465ee728b)  -> (artifact id: 'a8973d3bfa696729c9cb6ba8da9b6368') in 0.006583 seconds 
========================================================================
Received Import Request.
  Time since last request: 1.458211 seconds.
  path: Assets/FPSLand/Scripts/Characters/Weapons
  artifactKey: Guid(22131a06f32546d469cb1342c85d6c8e) Importer(815301076,1909f56bfc062723c751e8b465ee728b)
Start importing Assets/FPSLand/Scripts/Characters/Weapons using Guid(22131a06f32546d469cb1342c85d6c8e) Importer(815301076,1909f56bfc062723c751e8b465ee728b)  -> (artifact id: '6db81a014b3d123a65ed0bc5fdc8472b') in 0.001551 seconds 
========================================================================
Received Import Request.
  Time since last request: 1.374070 seconds.
  path: Assets/FPSLand/Scripts/Characters/Weapons/WeaponHandler.cs
  artifactKey: Guid(af23067e5f8e61e4caacf691a8d03329) Importer(815301076,1909f56bfc062723c751e8b465ee728b)
Start importing Assets/FPSLand/Scripts/Characters/Weapons/WeaponHandler.cs using Guid(af23067e5f8e61e4caacf691a8d03329) Importer(815301076,1909f56bfc062723c751e8b465ee728b)  -> (artifact id: '9c1b0fb9695bd2050ee424150f2cebb8') in 0.006299 seconds 
========================================================================
Received Import Request.
  Time since last request: 23.654766 seconds.
  path: Assets/FPSLand/Scripts/Characters/Health
  artifactKey: Guid(3302fa5a752e6584eb4c05c054c01c1f) Importer(815301076,1909f56bfc062723c751e8b465ee728b)
Start importing Assets/FPSLand/Scripts/Characters/Health using Guid(3302fa5a752e6584eb4c05c054c01c1f) Importer(815301076,1909f56bfc062723c751e8b465ee728b)  -> (artifact id: '5b674e9f78fd16f4dbb7c92b8519847f') in 0.006515 seconds 
========================================================================
Received Import Request.
  Time since last request: 1.290612 seconds.
  path: Assets/FPSLand/Scripts/Characters/Health/Hitbox.cs
  artifactKey: Guid(293d5edb73caecc47a85a4262d64fc54) Importer(815301076,1909f56bfc062723c751e8b465ee728b)
Start importing Assets/FPSLand/Scripts/Characters/Health/Hitbox.cs using Guid(293d5edb73caecc47a85a4262d64fc54) Importer(815301076,1909f56bfc062723c751e8b465ee728b)  -> (artifact id: 'e6bd20341a685386c991181a598f47d9') in 0.006640 seconds 
========================================================================
Received Import Request.
  Time since last request: 6.932205 seconds.
  path: Assets/FPSLand/Scripts/Characters/Health/Ragdoll.cs
  artifactKey: Guid(d87657b2200cf5b4a93c5bc18976d154) Importer(815301076,1909f56bfc062723c751e8b465ee728b)
Start importing Assets/FPSLand/Scripts/Characters/Health/Ragdoll.cs using Guid(d87657b2200cf5b4a93c5bc18976d154) Importer(815301076,1909f56bfc062723c751e8b465ee728b)  -> (artifact id: '88205ab8aacfc5a0dcff4de08d0616e7') in 0.006400 seconds 
========================================================================
Received Import Request.
  Time since last request: 1.735354 seconds.
  path: Assets/FPSLand/Scripts/Characters/Camera
  artifactKey: Guid(184531ee579dd6743bae9e197a43cd54) Importer(815301076,1909f56bfc062723c751e8b465ee728b)
Start importing Assets/FPSLand/Scripts/Characters/Camera using Guid(184531ee579dd6743bae9e197a43cd54) Importer(815301076,1909f56bfc062723c751e8b465ee728b)  -> (artifact id: '6fa66b15c5e39eb1ebe4ce4c20def408') in 0.006111 seconds 
========================================================================
Received Import Request.
  Time since last request: 0.725829 seconds.
  path: Assets/FPSLand/Scripts/Characters/Camera/FPSCamera.cs
  artifactKey: Guid(44736adcba26f4c4d9a797b03efe036c) Importer(815301076,1909f56bfc062723c751e8b465ee728b)
Start importing Assets/FPSLand/Scripts/Characters/Camera/FPSCamera.cs using Guid(44736adcba26f4c4d9a797b03efe036c) Importer(815301076,1909f56bfc062723c751e8b465ee728b)  -> (artifact id: '54cc6f03e2277c5ef7df00d7695abf46') in 0.006079 seconds 
========================================================================
Received Import Request.
  Time since last request: 39.532751 seconds.
  path: Assets/FPSLand/Scripts/Weapons/World
  artifactKey: Guid(6bc2279e9fed8404bbab2de4e7de0579) Importer(815301076,1909f56bfc062723c751e8b465ee728b)
Start importing Assets/FPSLand/Scripts/Weapons/World using Guid(6bc2279e9fed8404bbab2de4e7de0579) Importer(815301076,1909f56bfc062723c751e8b465ee728b)  -> (artifact id: '8c86ab38e8ca11ccb56b0bb985dfa6d2') in 0.006307 seconds 
========================================================================
Received Import Request.
  Time since last request: 2.006712 seconds.
  path: Assets/FPSLand/Scripts/Weapons/Supporting
  artifactKey: Guid(656a3334d14f84b49904914da585559b) Importer(815301076,1909f56bfc062723c751e8b465ee728b)
Start importing Assets/FPSLand/Scripts/Weapons/Supporting using Guid(656a3334d14f84b49904914da585559b) Importer(815301076,1909f56bfc062723c751e8b465ee728b)  -> (artifact id: 'ed8bf2ff5480d46e22f8db907e90397e') in 0.006331 seconds 
========================================================================
Received Import Request.
  Time since last request: 1.142362 seconds.
  path: Assets/FPSLand/Scripts/Weapons/Supporting/WeaponTypes.cs
  artifactKey: Guid(b61d2a8a2b77ab341865e36c0fe379df) Importer(815301076,1909f56bfc062723c751e8b465ee728b)
Start importing Assets/FPSLand/Scripts/Weapons/Supporting/WeaponTypes.cs using Guid(b61d2a8a2b77ab341865e36c0fe379df) Importer(815301076,1909f56bfc062723c751e8b465ee728b)  -> (artifact id: '16c3d4db13b60c1d169365009746342f') in 0.006286 seconds 
========================================================================
Received Import Request.
  Time since last request: 1.900160 seconds.
  path: Assets/FPSLand/Scripts/Weapons/Supporting/WeaponNames.cs
  artifactKey: Guid(bcda06f8fbe89894ba17da614ebd7ffc) Importer(815301076,1909f56bfc062723c751e8b465ee728b)
Start importing Assets/FPSLand/Scripts/Weapons/Supporting/WeaponNames.cs using Guid(bcda06f8fbe89894ba17da614ebd7ffc) Importer(815301076,1909f56bfc062723c751e8b465ee728b)  -> (artifact id: 'e8c56d151c296a622c572aa78d1ad02b') in 0.006192 seconds 
========================================================================
Received Import Request.
  Time since last request: 0.675269 seconds.
  path: Assets/FPSLand/Scripts/Weapons/Supporting/WeaponModel.cs
  artifactKey: Guid(5c79fbf6d93e12342ac007ca2b2a6d27) Importer(815301076,1909f56bfc062723c751e8b465ee728b)
Start importing Assets/FPSLand/Scripts/Weapons/Supporting/WeaponModel.cs using Guid(5c79fbf6d93e12342ac007ca2b2a6d27) Importer(815301076,1909f56bfc062723c751e8b465ee728b)  -> (artifact id: '8353e65dc97eeedd101764c9d4af0922') in 0.006802 seconds 
========================================================================
Received Import Request.
  Time since last request: 43.926082 seconds.
  path: Assets/FirstGearGames
  artifactKey: Guid(a66869cbb9cd4284b968ee54e9b90c6e) Importer(815301076,1909f56bfc062723c751e8b465ee728b)
Start importing Assets/FirstGearGames using Guid(a66869cbb9cd4284b968ee54e9b90c6e) Importer(815301076,1909f56bfc062723c751e8b465ee728b)  -> (artifact id: '8a903869471cda51e59a257a932c12a1') in 0.006779 seconds 
========================================================================
Received Import Request.
  Time since last request: 1.599820 seconds.
  path: Assets/FirstGearGames/Scripts
  artifactKey: Guid(266fedf81e24e164cbc8fe43a9cf7e76) Importer(815301076,1909f56bfc062723c751e8b465ee728b)
Start importing Assets/FirstGearGames/Scripts using Guid(266fedf81e24e164cbc8fe43a9cf7e76) Importer(815301076,1909f56bfc062723c751e8b465ee728b)  -> (artifact id: '52c1ea104bba80a7ead43324a3aca454') in 0.001488 seconds 
========================================================================
Received Import Request.
  Time since last request: 3.669060 seconds.
  path: Assets/FPSLand/Models
  artifactKey: Guid(2b581f411c1b0104b99d33f8d1a67b82) Importer(815301076,1909f56bfc062723c751e8b465ee728b)
Start importing Assets/FPSLand/Models using Guid(2b581f411c1b0104b99d33f8d1a67b82) Importer(815301076,1909f56bfc062723c751e8b465ee728b)  -> (artifact id: '6f8864bd538b3e6a70faf2468c8d85f3') in 0.006668 seconds 
========================================================================
Received Import Request.
  Time since last request: 0.039221 seconds.
  path: Assets/FPSLand/Models/XBot.fbx
  artifactKey: Guid(1975c067d4eb4bf47b7ab46455184da9) Importer(815301076,1909f56bfc062723c751e8b465ee728b)
Start importing Assets/FPSLand/Models/XBot.fbx using Guid(1975c067d4eb4bf47b7ab46455184da9) Importer(815301076,1909f56bfc062723c751e8b465ee728b)  -> (artifact id: 'f357943c93a2da3c213473806ba23a4b') in 0.215116 seconds 
========================================================================
Received Import Request.
  Time since last request: 3.321207 seconds.
  path: Assets/FPSLand/Models/Weapons
  artifactKey: Guid(930e7ba10cc72c648b569fa74aa5db53) Importer(815301076,1909f56bfc062723c751e8b465ee728b)
Start importing Assets/FPSLand/Models/Weapons using Guid(930e7ba10cc72c648b569fa74aa5db53) Importer(815301076,1909f56bfc062723c751e8b465ee728b)  -> (artifact id: 'dbfbcd994cd471495a1f990ffc441e41') in 0.001676 seconds 
========================================================================
Received Import Request.
  Time since last request: 0.109513 seconds.
  path: Assets/FPSLand/Models/Weapons/Glock.obj
  artifactKey: Guid(c1232b0a1b78ddf44bd877453fb7a84c) Importer(815301076,1909f56bfc062723c751e8b465ee728b)
Start importing Assets/FPSLand/Models/Weapons/Glock.obj using Guid(c1232b0a1b78ddf44bd877453fb7a84c) Importer(815301076,1909f56bfc062723c751e8b465ee728b)  -> (artifact id: 'fb48927315040547ccd3ae40e0152ced') in 0.027842 seconds 
========================================================================
Received Import Request.
  Time since last request: 0.000015 seconds.
  path: Assets/FPSLand/Models/Weapons/M4A1.obj
  artifactKey: Guid(c52425aa7c1a7b849a483f7cc99974de) Importer(815301076,1909f56bfc062723c751e8b465ee728b)
Start importing Assets/FPSLand/Models/Weapons/M4A1.obj using Guid(c52425aa7c1a7b849a483f7cc99974de) Importer(815301076,1909f56bfc062723c751e8b465ee728b)  -> (artifact id: 'c81100a6a21b551644b67b36227225d9') in 0.028114 seconds 
========================================================================
Received Import Request.
  Time since last request: 0.000018 seconds.
  path: Assets/FPSLand/Models/Weapons/knifeRound_smooth.obj
  artifactKey: Guid(f81b15b0bffc31d40a877a3c1512423d) Importer(815301076,1909f56bfc062723c751e8b465ee728b)
Start importing Assets/FPSLand/Models/Weapons/knifeRound_smooth.obj using Guid(f81b15b0bffc31d40a877a3c1512423d) Importer(815301076,1909f56bfc062723c751e8b465ee728b)  -> (artifact id: '0d9cc8a189116322e51dde374b878402') in 0.022829 seconds 
========================================================================
Received Import Request.
  Time since last request: 0.000028 seconds.
  path: Assets/FPSLand/Models/Weapons/sniperCamo.obj
  artifactKey: Guid(784a7324c616c11409e86c156957afe6) Importer(815301076,1909f56bfc062723c751e8b465ee728b)
Start importing Assets/FPSLand/Models/Weapons/sniperCamo.obj using Guid(784a7324c616c11409e86c156957afe6) Importer(815301076,1909f56bfc062723c751e8b465ee728b)  -> (artifact id: '086b5cc7549393306d3db0258599cd9f') in 0.048132 seconds 
