Using pre-set license
Built from '2021.3/staging' branch; Version is '2021.3.16f1 (4016570cf34f) revision 4200023'; Using compiler version '192829333'; Build Type 'Release'
OS: 'Windows 10  (10.0.19045) 64bit Core' Language: 'en' Physical Memory: 16272 MB
BatchMode: 1, IsHumanControllingUs: 0, StartBugReporterOnCrash: 0, Is64bit: 1, IsPro: 1

COMMAND LINE ARGUMENTS:
C:\Program Files\Unity\Hub\Editor\2021.3.16f1\Editor\Unity.exe
-adb2
-batchMode
-noUpm
-name
AssetImportWorker2
-projectPath
C:/Users/erice/OneDrive/Documents/GitHub/FpsGame/FPSmicrogame
-logFile
Logs/AssetImportWorker2.log
-srvPort
54004
Successfully changed project path to: C:/Users/erice/OneDrive/Documents/GitHub/FpsGame/FPSmicrogame
C:/Users/erice/OneDrive/Documents/GitHub/FpsGame/FPSmicrogame
[UnityMemory] Configuration Parameters - Can be set up in boot.config
    "memorysetup-bucket-allocator-granularity=16"
    "memorysetup-bucket-allocator-bucket-count=8"
    "memorysetup-bucket-allocator-block-size=33554432"
    "memorysetup-bucket-allocator-block-count=8"
    "memorysetup-main-allocator-block-size=16777216"
    "memorysetup-thread-allocator-block-size=16777216"
    "memorysetup-gfx-main-allocator-block-size=16777216"
    "memorysetup-gfx-thread-allocator-block-size=16777216"
    "memorysetup-cache-allocator-block-size=4194304"
    "memorysetup-typetree-allocator-block-size=2097152"
    "memorysetup-profiler-bucket-allocator-granularity=16"
    "memorysetup-profiler-bucket-allocator-bucket-count=8"
    "memorysetup-profiler-bucket-allocator-block-size=33554432"
    "memorysetup-profiler-bucket-allocator-block-count=8"
    "memorysetup-profiler-allocator-block-size=16777216"
    "memorysetup-profiler-editor-allocator-block-size=1048576"
    "memorysetup-temp-allocator-size-main=16777216"
    "memorysetup-job-temp-allocator-block-size=2097152"
    "memorysetup-job-temp-allocator-block-size-background=1048576"
    "memorysetup-job-temp-allocator-reduction-small-platforms=262144"
    "memorysetup-temp-allocator-size-background-worker=32768"
    "memorysetup-temp-allocator-size-job-worker=262144"
    "memorysetup-temp-allocator-size-preload-manager=33554432"
    "memorysetup-temp-allocator-size-nav-mesh-worker=65536"
    "memorysetup-temp-allocator-size-audio-worker=65536"
    "memorysetup-temp-allocator-size-cloud-worker=32768"
    "memorysetup-temp-allocator-size-gi-baking-worker=262144"
    "memorysetup-temp-allocator-size-gfx=262144"
Player connection [9872] Host "[IP] 192.168.1.184 [Port] 0 [Flags] 2 [Guid] 3444930567 [EditorId] 3444930567 [Version] 1048832 [Id] WindowsEditor(7,DESKTOP-K61T99D) [Debug] 1 [PackageName] WindowsEditor [ProjectName] Editor" joined multi-casting on [225.0.0.222:54997]...

Player connection [9872] Host "[IP] 192.168.1.184 [Port] 0 [Flags] 2 [Guid] 3444930567 [EditorId] 3444930567 [Version] 1048832 [Id] WindowsEditor(7,DESKTOP-K61T99D) [Debug] 1 [PackageName] WindowsEditor [ProjectName] Editor" joined alternative multi-casting on [225.0.0.222:34997]...

Refreshing native plugins compatible for Editor in 117.12 ms, found 3 plugins.
Preloading 0 native plugins for Editor in 0.00 ms.
Initialize engine version: 2021.3.16f1 (4016570cf34f)
[Subsystems] Discovering subsystems at path C:/Program Files/Unity/Hub/Editor/2021.3.16f1/Editor/Data/Resources/UnitySubsystems
[Subsystems] Discovering subsystems at path C:/Users/erice/OneDrive/Documents/GitHub/FpsGame/FPSmicrogame/Assets
GfxDevice: creating device client; threaded=0; jobified=0
Direct3D:
    Version:  Direct3D 11.0 [level 11.1]
    Renderer: NVIDIA GeForce RTX 3080 (ID=0x2206)
    Vendor:   NVIDIA
    VRAM:     10067 MB
    Driver:   31.0.15.2849
Initialize mono
Mono path[0] = 'C:/Program Files/Unity/Hub/Editor/2021.3.16f1/Editor/Data/Managed'
Mono path[1] = 'C:/Program Files/Unity/Hub/Editor/2021.3.16f1/Editor/Data/MonoBleedingEdge/lib/mono/unityjit-win32'
Mono config path = 'C:/Program Files/Unity/Hub/Editor/2021.3.16f1/Editor/Data/MonoBleedingEdge/etc'
Using monoOptions --debugger-agent=transport=dt_socket,embedding=1,server=y,suspend=n,address=127.0.0.1:56348
Begin MonoManager ReloadAssembly
Registering precompiled unity dll's ...
Register platform support module: C:/Program Files/Unity/Hub/Editor/2021.3.16f1/Editor/Data/PlaybackEngines/WindowsStandaloneSupport/UnityEditor.WindowsStandalone.Extensions.dll
Registered in 0.009283 seconds.
Native extension for WindowsStandalone target not found
Refreshing native plugins compatible for Editor in 110.36 ms, found 3 plugins.
Preloading 0 native plugins for Editor in 0.00 ms.
Mono: successfully reloaded assembly
- Completed reload, in  0.727 seconds
Domain Reload Profiling:
	ReloadAssembly (727ms)
		BeginReloadAssembly (152ms)
			ExecutionOrderSort (0ms)
			DisableScriptedObjects (0ms)
			BackupInstance (0ms)
			ReleaseScriptingObjects (0ms)
			CreateAndSetChildDomain (1ms)
		EndReloadAssembly (467ms)
			LoadAssemblies (148ms)
			RebuildTransferFunctionScriptingTraits (0ms)
			SetupTypeCache (91ms)
			ReleaseScriptCaches (0ms)
			RebuildScriptCaches (23ms)
			SetupLoadedEditorAssemblies (301ms)
				LogAssemblyErrors (0ms)
				InitializePlatformSupportModulesInManaged (8ms)
				SetLoadedEditorAssemblies (0ms)
				RefreshPlugins (111ms)
				BeforeProcessingInitializeOnLoad (1ms)
				ProcessInitializeOnLoadAttributes (128ms)
				ProcessInitializeOnLoadMethodAttributes (53ms)
				AfterProcessingInitializeOnLoad (0ms)
				EditorAssembliesLoaded (0ms)
			ExecutionOrderSort2 (0ms)
			AwakeInstancesAfterBackupRestoration (0ms)
Platform modules already initialized, skipping
Registering precompiled user dll's ...
Registered in 0.025370 seconds.
Begin MonoManager ReloadAssembly
Symbol file LoadedFromMemory doesn't match image C:\Users\erice\OneDrive\Documents\GitHub\FpsGame\FPSmicrogame\Library\PackageCache\com.unity.visualscripting@1.7.8\Editor\VisualScripting.Core\Dependencies\YamlDotNet\Unity.VisualScripting.YamlDotNet.dll
Symbol file LoadedFromMemory doesn't match image C:\Users\erice\OneDrive\Documents\GitHub\FpsGame\FPSmicrogame\Library\PackageCache\com.unity.visualscripting@1.7.8\Editor\VisualScripting.Core\Dependencies\DotNetZip\Unity.VisualScripting.IonicZip.dll
Native extension for WindowsStandalone target not found
Refreshing native plugins compatible for Editor in 127.32 ms, found 3 plugins.
Preloading 0 native plugins for Editor in 0.00 ms.
Mono: successfully reloaded assembly
- Completed reload, in  1.375 seconds
Domain Reload Profiling:
	ReloadAssembly (1376ms)
		BeginReloadAssembly (104ms)
			ExecutionOrderSort (0ms)
			DisableScriptedObjects (5ms)
			BackupInstance (0ms)
			ReleaseScriptingObjects (0ms)
			CreateAndSetChildDomain (18ms)
		EndReloadAssembly (1154ms)
			LoadAssemblies (151ms)
			RebuildTransferFunctionScriptingTraits (0ms)
			SetupTypeCache (277ms)
			ReleaseScriptCaches (1ms)
			RebuildScriptCaches (58ms)
			SetupLoadedEditorAssemblies (611ms)
				LogAssemblyErrors (0ms)
				InitializePlatformSupportModulesInManaged (5ms)
				SetLoadedEditorAssemblies (0ms)
				RefreshPlugins (128ms)
				BeforeProcessingInitializeOnLoad (128ms)
				ProcessInitializeOnLoadAttributes (262ms)
				ProcessInitializeOnLoadMethodAttributes (74ms)
				AfterProcessingInitializeOnLoad (15ms)
				EditorAssembliesLoaded (0ms)
			ExecutionOrderSort2 (0ms)
			AwakeInstancesAfterBackupRestoration (17ms)
Platform modules already initialized, skipping
========================================================================
Worker process is ready to serve import requests
Launched and connected shader compiler UnityShaderCompiler.exe after 0.12 seconds
Refreshing native plugins compatible for Editor in 0.90 ms, found 3 plugins.
Preloading 0 native plugins for Editor in 0.00 ms.
Unloading 5833 Unused Serialized files (Serialized files now loaded: 0)
Unloading 72 unused Assets / (3.2 MB). Loaded Objects now: 6252.
Memory consumption went from 230.0 MB to 226.8 MB.
Total: 4.235200 ms (FindLiveObjects: 0.400000 ms CreateObjectMapping: 0.413000 ms MarkObjects: 2.304600 ms  DeleteObjects: 1.116600 ms)

AssetImportParameters requested are different than current active one (requested -> active):
  custom:video-decoder-ogg-theora: a1e56fd34408186e4bbccfd4996cb3dc -> 
  custom:container-muxer-webm: aa71ff27fc2769a1b78a27578f13a17b -> 
  custom:container-demuxer-webm: 4f35f7cbe854078d1ac9338744f61a02 -> 
  custom:video-encoder-webm-vp8: eb34c28f22e8b96e1ab97ce403110664 -> 
  custom:audio-encoder-webm-vorbis: bf7c407c2cedff20999df2af8eb42d56 -> 
  custom:framework-win-MediaFoundation: 216162199b28c13a410421893ffa2e32 -> 
  custom:container-demuxer-ogg: 62fdf1f143b41e24485cea50d1cbac27 -> 
  custom:video-decoder-webm-vp8: 9c59270c3fd7afecdb556c50c9e8de78 -> 
  custom:audio-decoder-ogg-vorbis: bf7c407c2cedff20999df2af8eb42d56 -> 
========================================================================
Received Import Request.
  Time since last request: 183128.327660 seconds.
  path: Assets/StylizedSoldiersMilitary
  artifactKey: Guid(fb9cd0f47ca98254a885cc06f54c44a1) Importer(815301076,1909f56bfc062723c751e8b465ee728b)
Start importing Assets/StylizedSoldiersMilitary using Guid(fb9cd0f47ca98254a885cc06f54c44a1) Importer(815301076,1909f56bfc062723c751e8b465ee728b)  -> (artifact id: '1b2cbeed8769134b251e2d1f261f3000') in 0.011874 seconds 
========================================================================
Received Import Request.
  Time since last request: 1.359175 seconds.
  path: Assets/StylizedSoldiersMilitary/Models
  artifactKey: Guid(c675b57ef1687784587f003cc74ccc66) Importer(815301076,1909f56bfc062723c751e8b465ee728b)
Start importing Assets/StylizedSoldiersMilitary/Models using Guid(c675b57ef1687784587f003cc74ccc66) Importer(815301076,1909f56bfc062723c751e8b465ee728b)  -> (artifact id: '911d0d02b57241458469e9cfd5fb52e8') in 0.002737 seconds 
========================================================================
Received Import Request.
  Time since last request: 0.043501 seconds.
  path: Assets/StylizedSoldiersMilitary/Models/Stend.fbx
  artifactKey: Guid(d1c82419fc46e0543b5fa1a7222868cb) Importer(815301076,1909f56bfc062723c751e8b465ee728b)
Start importing Assets/StylizedSoldiersMilitary/Models/Stend.fbx using Guid(d1c82419fc46e0543b5fa1a7222868cb) Importer(815301076,1909f56bfc062723c751e8b465ee728b)  -> (artifact id: 'f13048001fbd416d8a8a2e0289f3dba3') in 0.283503 seconds 
========================================================================
Received Import Request.
  Time since last request: 1.681938 seconds.
  path: Assets/StylizedSoldiersMilitary/Models/HeavySoldier
  artifactKey: Guid(624897720554b3645bb55a1d4bf4f30c) Importer(815301076,1909f56bfc062723c751e8b465ee728b)
Start importing Assets/StylizedSoldiersMilitary/Models/HeavySoldier using Guid(624897720554b3645bb55a1d4bf4f30c) Importer(815301076,1909f56bfc062723c751e8b465ee728b)  -> (artifact id: '05e55024ad18d96871b6ce0d17fd67f3') in 0.002815 seconds 
========================================================================
Received Import Request.
  Time since last request: 0.117556 seconds.
  path: Assets/StylizedSoldiersMilitary/Models/HeavySoldier/HeavySoldier.fbx
  artifactKey: Guid(f807f85be4eff894c9c878516efed38e) Importer(815301076,1909f56bfc062723c751e8b465ee728b)
Start importing Assets/StylizedSoldiersMilitary/Models/HeavySoldier/HeavySoldier.fbx using Guid(f807f85be4eff894c9c878516efed38e) Importer(815301076,1909f56bfc062723c751e8b465ee728b)  -> (artifact id: '293fe24f7dd1e4de05975ff36618e4bf') in 0.058119 seconds 
========================================================================
Received Import Request.
  Time since last request: 4.322936 seconds.
  path: Assets/StylizedSoldiersMilitary/Models/HeavySoldier/HeavySoldier_blend.rar
  artifactKey: Guid(c0b66116b9cd6ba45a424c8794492bca) Importer(815301076,1909f56bfc062723c751e8b465ee728b)
Start importing Assets/StylizedSoldiersMilitary/Models/HeavySoldier/HeavySoldier_blend.rar using Guid(c0b66116b9cd6ba45a424c8794492bca) Importer(815301076,1909f56bfc062723c751e8b465ee728b)  -> (artifact id: '1ecfc4ba4c9bd3c6f9bada98ac8b57e6') in 0.007023 seconds 
========================================================================
Received Import Request.
  Time since last request: 4.531241 seconds.
  path: Assets/StylizedSoldiersMilitary/Models/Medic
  artifactKey: Guid(77aa2f1fef266074cbf59b95931212e0) Importer(815301076,1909f56bfc062723c751e8b465ee728b)
Start importing Assets/StylizedSoldiersMilitary/Models/Medic using Guid(77aa2f1fef266074cbf59b95931212e0) Importer(815301076,1909f56bfc062723c751e8b465ee728b)  -> (artifact id: 'dd444d760fd6c110a294dac80f2cf1d4') in 0.003728 seconds 
========================================================================
Received Import Request.
  Time since last request: 0.198230 seconds.
  path: Assets/StylizedSoldiersMilitary/Models/Medic/Medic.fbx
  artifactKey: Guid(b9382c95fbdcef8438451f8e37b3abdf) Importer(815301076,1909f56bfc062723c751e8b465ee728b)
Start importing Assets/StylizedSoldiersMilitary/Models/Medic/Medic.fbx using Guid(b9382c95fbdcef8438451f8e37b3abdf) Importer(815301076,1909f56bfc062723c751e8b465ee728b)  -> (artifact id: '5a09c2d92143a567308659dadb831c7d') in 0.022293 seconds 
========================================================================
Received Import Request.
  Time since last request: 5.834071 seconds.
  path: Assets/StylizedSoldiersMilitary/Models/Medic/Medic_blend.rar
  artifactKey: Guid(56a90b3ce10aa3c4d86dcd4a7e3aafd8) Importer(815301076,1909f56bfc062723c751e8b465ee728b)
Start importing Assets/StylizedSoldiersMilitary/Models/Medic/Medic_blend.rar using Guid(56a90b3ce10aa3c4d86dcd4a7e3aafd8) Importer(815301076,1909f56bfc062723c751e8b465ee728b)  -> (artifact id: '5ac73c96ebe900f4c692aa6a64116c77') in 0.003251 seconds 
========================================================================
Received Import Request.
  Time since last request: 20.001371 seconds.
  path: Assets/StylizedSoldiersMilitary/Models/Medic/Medic.blend
  artifactKey: Guid(0e26bcc5cbaee1c478bbc142ea89e981) Importer(815301076,1909f56bfc062723c751e8b465ee728b)
Start importing Assets/StylizedSoldiersMilitary/Models/Medic/Medic.blend using Guid(0e26bcc5cbaee1c478bbc142ea89e981) Importer(815301076,1909f56bfc062723c751e8b465ee728b)  -> (artifact id: 'b4be296e8502d8e0f20896c381d3cf35') in 0.049725 seconds 
========================================================================
Received Import Request.
  Time since last request: 17.086682 seconds.
  path: Assets/StylizedSoldiersMilitary/Prefabs
  artifactKey: Guid(33d76ef77a424644f87b1f4892e42da1) Importer(815301076,1909f56bfc062723c751e8b465ee728b)
Start importing Assets/StylizedSoldiersMilitary/Prefabs using Guid(33d76ef77a424644f87b1f4892e42da1) Importer(815301076,1909f56bfc062723c751e8b465ee728b)  -> (artifact id: '63dfd83129c7400c92327d3f25c740d2') in 0.002977 seconds 
========================================================================
Received Import Request.
  Time since last request: 0.035136 seconds.
  path: Assets/StylizedSoldiersMilitary/Prefabs/HeavySoldier.prefab
  artifactKey: Guid(8e876d889a7df6e4480dbc138b5e250c) Importer(815301076,1909f56bfc062723c751e8b465ee728b)
Start importing Assets/StylizedSoldiersMilitary/Prefabs/HeavySoldier.prefab using Guid(8e876d889a7df6e4480dbc138b5e250c) Importer(815301076,1909f56bfc062723c751e8b465ee728b)  -> (artifact id: '27809da17af55d042ef57a51964ec313') in 0.040939 seconds 
========================================================================
Received Import Request.
  Time since last request: 0.000028 seconds.
  path: Assets/StylizedSoldiersMilitary/Prefabs/Stend.prefab
  artifactKey: Guid(7d44632b45526b04194fe678972c2c87) Importer(815301076,1909f56bfc062723c751e8b465ee728b)
Start importing Assets/StylizedSoldiersMilitary/Prefabs/Stend.prefab using Guid(7d44632b45526b04194fe678972c2c87) Importer(815301076,1909f56bfc062723c751e8b465ee728b)  -> (artifact id: 'b10e03f415d58459b9744a7d588ef846') in 0.015742 seconds 
========================================================================
Received Import Request.
  Time since last request: 0.000019 seconds.
  path: Assets/StylizedSoldiersMilitary/Prefabs/Sniper.prefab
  artifactKey: Guid(293bba519d76dff4a9ebfb16eb4e62d5) Importer(815301076,1909f56bfc062723c751e8b465ee728b)
Start importing Assets/StylizedSoldiersMilitary/Prefabs/Sniper.prefab using Guid(293bba519d76dff4a9ebfb16eb4e62d5) Importer(815301076,1909f56bfc062723c751e8b465ee728b)  -> (artifact id: '34ac3c15827191417b0d5f87f3d686eb') in 0.017888 seconds 
========================================================================
Received Import Request.
  Time since last request: 0.000026 seconds.
  path: Assets/StylizedSoldiersMilitary/Prefabs/Stormer.prefab
  artifactKey: Guid(40724b316616bae429416966d8c5574e) Importer(815301076,1909f56bfc062723c751e8b465ee728b)
Start importing Assets/StylizedSoldiersMilitary/Prefabs/Stormer.prefab using Guid(40724b316616bae429416966d8c5574e) Importer(815301076,1909f56bfc062723c751e8b465ee728b)  -> (artifact id: 'dafa7514b44994995da0e4490cf32d00') in 0.016196 seconds 
Editor requested this worker to shutdown with reason: Scaling down because of idle timeout
AssetImportWorker is now disconnected from the server
Process exiting
Exiting without the bug reporter. Application will terminate with return code 0